<?xml version="1.0" encoding="UTF-8"?>
<!-- Generated by org.testng.reporters.JUnitXMLReporter -->
<testsuite ignored="0" hostname="INFO-IT-LPTP-025" failures="0" tests="3" name="Default test" time="0.189" errors="0" timestamp="2023-07-12T17:14:57 IST">
  <testcase classname="Assignemt.exetntreport" name="testAddSong" time="0.06"/>
  <testcase classname="Assignemt.exetntreport" name="testDeleteSong" time="0.003"/>
  <testcase classname="Assignemt.exetntreport" name="testRecentlyPlayedSongs" time="0.003"/>
</testsuite> <!-- Default test -->
